Started by user unknown or anonymous
Obtained Jenkinsfile from git https://github.com/cs453-team3/test-project
Running in Durability level: MAX_SURVIVABILITY
[8mha:////4K86Yp3d86CtkDjotyI2vGr3NMtxyV3hcXjIQmvwrfPPAAAAoh+LCAAAAAAAAP9tjTEOwjAQBM8BClpKHuFItIiK1krDC0x8GCfWnbEdkooX8TX+gCESFVvtrLSa5wtWKcKBo5UdUu8otU4GP9jS5Mixv3geZcdn2TIl9igbHBs2eJyx4YwwR1SwULBGaj0nRzbDRnX6rmuvydanHMu2V1A5c4MHCFXMWcf8hSnC9jqYxPTz/BXAFEIGsfuclm8zQVqFvQAAAA==[0m[Pipeline] Start of Pipeline
[8mha:////4N4rNWdlsNzXgBwl4QgjJ/WLfoqxAXWJi9XQBFv4TyqPAAAApR+LCAAAAAAAAP9tjTEOwjAUQ3+KOrAycohUghExsUZZOEFIQkgb/d8mKe3EibgadyBQiQlLlmxL1nu+oE4RjhQdby12HpP2vA+jK4lPFLtroIm3dOGaMFGwXNpJkrGnpUrKFhaxClYC1hZ1oOTRZdiIVt1VExS65pxj2Q4CKm8GeAAThZxVzN8yR9jeRpMIf5y/AJj7DGxXvP/86jduZBmjwAAAAA==[0m[Pipeline] node
Running on [8mha:////4F/JntmAcWQufDx8NgTERa1AI0ffi4BNcXd4aW2x9AmjAAAAnh+LCAAAAAAAAP9b85aBtbiIQTGjNKU4P08vOT+vOD8nVc83PyU1x6OyILUoJzMv2y+/JJUBAhiZGBgqihhk0NSjKDWzXb3RdlLBUSYGJk8GtpzUvPSSDB8G5tKinBIGIZ+sxLJE/ZzEvHT94JKizLx0a6BxUmjGOUNodHsLgAz2EgZh/eT83ILSktQifY3cxGIgrakPAHib2iPIAAAA[0mJenkins in /home/tilekbay/Documents/4th_semester/CS453/Project/Priora/priora-plugin/work/workspace/test-project
[8mha:////4GEAY069x2FAoihxymodPa1QXa6NF/v/JZv1k1cy7jdgAAAApR+LCAAAAAAAAP9tjTEOwjAUQ3+KOrAycoh0gA0xsUZZOEFIQkgb/d8mKe3EibgadyBQiQlLlmxL1nu+oE4RjhQdby12HpP2vA+jK4lPFLtroIm3dOGaMFGwXNpJkrGnpUrKFhaxClYC1hZ1oOTRZdiIVt1VExS65pxj2Q4CKm8GeAAThZxVzN8yR9jeRpMIf5y/AJj7DGxXvP/86jfoP95RwAAAAA==[0m[Pipeline] {
[8mha:////4JIEeIyBML3IMz5tPJulOwxUuWjNcByJAl+SgNMBCfZOAAAApR+LCAAAAAAAAP9tjTEOwjAUQ3+KOrAycoh0gQkxsUZZOEFIQkgb/d8mKe3EibgadyBQiQlLlmxL1nu+oE4RjhQdby12HpP2vA+jK4lPFLtroIm3dOGaMFGwXNpJkrGnpUrKFhaxClYC1hZ1oOTRZdiIVt1VExS65pxj2Q4CKm8GeAAThZxVzN8yR9jeRpMIf5y/AJj7DGxXvP/86jc09154wAAAAA==[0m[Pipeline] stage
[8mha:////4IA/nIV2lpMsY/xBlkpX+T3otC1n5SnE42umjpx0CWURAAAApR+LCAAAAAAAAP9tjTEOwjAUQ3+KOrAycoh0ggUxsUZZOEFIQkgb/d8mKe3EibgadyBQiQlLlmxL1nu+oE4RjhQdby12HpP2vA+jK4lPFLtroIm3dOGaMFGwXNpJkrGnpUrKFhaxClYC1hZ1oOTRZdiIVt1VExS65pxj2Q4CKm8GeAAThZxVzN8yR9jeRpMIf5y/AJj7DGxXvP/86jek7ggRwAAAAA==[0m[Pipeline] { (Declarative: Checkout SCM)
[8mha:////4JI+Hcd9E2WsPggUcSdIT+qg46pj1OahCmKUG7BudposAAAAoh+LCAAAAAAAAP9tjTEOAiEURD9rLGwtPQTbaWGsbAmNJ0AWEZb8zwLrbuWJvJp3kLiJlZNMMm+a93rDOic4UbLcG+wdZu14DKOti0+U+lugiXu6ck2YKRguzSSpM+cFJRUDS1gDKwEbgzpQdmgLbIVXD9UGhba9lFS/o4DGdQM8gYlqLiqVL8wJdvexy4Q/z18BzLEA29ce4gfg7KmOvAAAAA==[0m[Pipeline] checkout
No credentials specified
 > git rev-parse --is-inside-work-tree # timeout=10
Fetching changes from the remote Git repository
 > git config remote.origin.url https://github.com/cs453-team3/test-project # timeout=10
Fetching upstream changes from https://github.com/cs453-team3/test-project
 > git --version # timeout=10
 > git fetch --tags --progress https://github.com/cs453-team3/test-project +refs/heads/*:refs/remotes/origin/* # timeout=10
 > git rev-parse refs/remotes/origin/master^{commit} # timeout=10
 > git rev-parse refs/remotes/origin/origin/master^{commit} # timeout=10
Checking out Revision 582fc96111e988cacd403d274df4752434bc5928 (refs/remotes/origin/master)
 > git config core.sparsecheckout # timeout=10
 > git checkout -f 582fc96111e988cacd403d274df4752434bc5928 # timeout=10
Commit message: "Plugin Restart and number of builds Check"
 > git rev-list --no-walk 582fc96111e988cacd403d274df4752434bc5928 # timeout=10
[8mha:////4OATxRgs/5E0MFAh4PWRosb8J1t4aO/vZv61MShv7qEnAAAAoh+LCAAAAAAAAP9tjTEOAiEURD9rLGwtPQTbGRNjZUtoPAGyiLDkfxZYdytP5NW8g8RNrJxkknnTvNcb1jnBiZLl3mDvMGvHYxhtXXyi1N8CTdzTlWvCTMFwaSZJnTkvKKkYWMIaWAnYGNSBskNbYCu8eqg2KLTtpaT6HQU0rhvgCUxUc1GpfGFOsLuPXSb8ef4KYI6xADvU7j9Dg2gqvAAAAA==[0m[Pipeline] }
[8mha:////4FhrV2KZ1omTZuWaShWTmXDYVWyN6gETP7l03QmdjlH5AAAAoh+LCAAAAAAAAP9tjTEOAiEURD9rLGwtPQRbWRhjZUtoPAGyiLDkfxZYdytP5NW8g8RNrJxkknnTvNcb1jnBiZLl3mDvMGvHYxhtXXyi1N8CTdzTlWvCTMFwaSZJnTkvKKkYWMIaWAnYGNSBskNbYCu8eqg2KLTtpaT6HQU0rhvgCUxUc1GpfGFOsLuPXSb8ef4KYI6xADvU7j9J+wGOvAAAAA==[0m[Pipeline] // stage
[8mha:////4HUtqzjlS/kRAEAEFrW3bDp11mvmlTbZIQyTjNOYP4dDAAAAph+LCAAAAAAAAP9tjTEOwjAQBM9BKWgpeYQDEh2iorXc8AITG+PEugv2haTiRXyNPxCIRMVWOyut5vmCMic4UPKycdgGzHWQXez91ORAqb1EGmRDZ1kTZopOajdosu44oyZ2MEcUsFCwdFhHygE9w0o15m6qaNBXJ07TtldQBHuDBwg1mdkk/sKYYH3tbSb8ef4KYOwYxI6h2G4+x/INtuQqUcEAAAA=[0m[Pipeline] withEnv
[8mha:////4CZkMvjzherq9Mxgja5Z9+TafqZE18gdYkhmDLsDlieLAAAApR+LCAAAAAAAAP9tjTEOwjAUQ3+DOrAycoiUzoiJNerCCUITQtLo/zZJSSdOxNW4Ay2VmPBg2Zas93pDGQOcKBjuNHYWY2t570czJ54pdDdPmTu68pYwkte80bkhpc9rbShpWFUw2AjYamw9RYsmwU44+ZCVl2iqSwrzdhTArBrgCYWYyUmG9C1TgP19VJHwx/kLgKlPwOrDYvXyLD8BobDcwgAAAA==[0m[Pipeline] {
[8mha:////4J0CauLQwCiO/Ft4W+VtOoIP0wA2+pJqL+Bytw9VEatAAAAAph+LCAAAAAAAAP9tjTEOwjAUQ3+LOrAycohUZUVMrFEWThCaEJJG/7dJSjpxIq7GHWipxIQHy7ZkvdcbqhjgRMEwp7GzGFvLej+aObFMobt5yszRlbWEkbxmQmdBSp/XKihpWFWUsOGw1dh6ihZNgh138iFrL9HUlxTm7cihtGqAJxR8JicZ0rdMAfb3UUXCH+cvAKY+Qdk0ix2WZ/UBbwyqm8IAAAA=[0m[Pipeline] stage
[8mha:////4BLDMAN+Z371Ge7eVDfCffP9EjB0x0F4Ekn4nOG0dKKtAAAAph+LCAAAAAAAAP9tjTEOwjAUQ3+LOrAycohUwIiYukZZOEFoQkgb/V9+UtqJE3E17kBLJSY8WLYl673eUESGE7ETjcXWY6y96ELvpiQG4vYaaBANXURNGClYoeygyNhqqYqShUVZDisJa4t1oOjRJdjIRj90GTS68px42o4Scm/u8IRMTuSkOX3LyLC99SYS/jh/ATB2CfLdfrbD/Cw+y7kUycIAAAA=[0m[Pipeline] { (Checking Trigger)
[8mha:////4OQ81wNXZTwm9jQXY7IbGOUG+1IbRMz/Im70Cm5OW1QTAAAApB+LCAAAAAAAAP9tjTEOwjAQBC9BFLSUPOIiBB2iSmu54QUmNsaJdWdsh6TiRXyNPxCIRMUWq51t5vmCZYpw5GixNdQ5So3D4Hs7LRw4dhfPA7Z8xoYpsTcozSBZm3pGydnAnKKEhYCVocZzcmQzrEWr7qryimx1ynH6DgJKp2/wgEJM5qxi/sIYYXPtdWL6ef4KYAwZyu3uU/vwBgq0rvS+AAAA[0m[Pipeline] sh
+ echo null
null
[8mha:////4FwS2ZFeiJzhIuQdtDtdCg4LC3ZnceVIy7dolh+KKLsnAAAApB+LCAAAAAAAAP9tjTEOwjAQBC9BFLSUPOIihKgQVVrLDS8wsTFOrDtjOyQVL+Jr/IFAJCq2WO1sM88XLFOEI0eLraHOUWocBt/baeHAsbt4HrDlMzZMib1BaQbJ2tQzSs4G5hQlLASsDDWekyObYS1adVeVV2SrU47TdxBQOn2DBxRiMmcV8xfGCJtrrxPTz/NXAGMIGcrt/lO7N7BnLt++AAAA[0m[Pipeline] }
[8mha:////4FiQWyyN0RKjhUUMpCY9sbL1IcmKchyZk4hTtN9L5eTWAAAApB+LCAAAAAAAAP9tjTEOwjAQBC9BFLSUPOIiKGgQVVrLDS8wsTFOrDtjOyQVL+Jr/IFAJCq2WO1sM88XLFOEI0eLraHOUWocBt/baeHAsbt4HrDlMzZMib1BaQbJ2tQzSs4G5hQlLASsDDWekyObYS1adVeVV2SrU47TdxBQOn2DBxRiMmcV8xfGCJtrrxPTz/NXAGMIGcrt/lO7N4glvS6+AAAA[0m[Pipeline] // stage
[8mha:////4Oqcd0xCPqGnSTQHlO9ZV2oWt/KUQ4B4t5/M0iBkE7AHAAAApx+LCAAAAAAAAP9tjTEOwjAUQ3+LOrAycohUnRgQE2uUhROEJoSk0f9tkpJOnIircQdaKjHhwbItWe/1hioGOFEwzGnsLMbWst6PZk4sU+hunjJzdGUtYSSvmdBZkNLntQpKGlYVJWw4bDW2nqJFk2DHnXzI2ks09SWFeTtyKK0a4AkFn8lJhvQtU4D9fVSR8Mf5C4CpT1A2zWKH5Vl9ANydZ8vCAAAA[0m[Pipeline] stage
[8mha:////4HHtmQlKPgpqd2WBaZJlPxODRw6ri0Jg9UuinAwbdv/XAAAApx+LCAAAAAAAAP9tjTEOwjAUQ3+LOrAycohUTCAhpq5RFk4QmhDSRv+Xn5R24kRcjTvQUokJD5ZtyXqvNxSR4UTsRGOx9RhrL7rQuymJgbi9BhpEQxdRE0YKVig7KDK2WqqiZGFRlsNKwtpiHSh6dAk2stEPXQaNrjwnnrajhNybOzwhkxM5aU7fMjJsb72JhD/OXwCMXYJ8t5/tMD+LD0rlhNLCAAAA[0m[Pipeline] { (Build)
[8mha:////4Ey2njfYweNVOcteV3en1UaVYeHcY20pQE4aXISR7Kd/AAAApB+LCAAAAAAAAP9tjTEOwjAQBC9BFLSUPOIiOhCiSmu54QUmNsaJdWdsh6TiRXyNPxCIRMUWq51t5vmCZYpw5GixNdQ5So3D4Hs7LRw4dhfPA7Z8xoYpsTcozSBZm3pGydnAnKKEhYCVocZzcmQzrEWr7qryimx1ynH6DgJKp2/wgEJM5qxi/sIYYXPtdWL6ef4KYAwZyu3uU/vwBr2eB0O+AAAA[0m[Pipeline] sh
+ mvn -B -DskipTests clean package
[INFO] Scanning for projects...
[INFO]                                                                         
[INFO] ------------------------------------------------------------------------
[INFO] Building my-app 1.0-SNAPSHOT
[INFO] ------------------------------------------------------------------------
[INFO] 
[INFO] --- maven-clean-plugin:2.5:clean (default-clean) @ my-app ---
[INFO] Deleting /home/tilekbay/Documents/4th_semester/CS453/Project/Priora/priora-plugin/work/workspace/test-project/target
[INFO] 
[INFO] --- maven-resources-plugin:2.6:resources (default-resources) @ my-app ---
[WARNING] Using platform encoding (UTF-8 actually) to copy filtered resources, i.e. build is platform dependent!
[INFO] skip non existing resourceDirectory /home/tilekbay/Documents/4th_semester/CS453/Project/Priora/priora-plugin/work/workspace/test-project/src/main/resources
[INFO] 
[INFO] --- maven-compiler-plugin:3.2:compile (default-compile) @ my-app ---
[INFO] Changes detected - recompiling the module!
[WARNING] File encoding has not been set, using platform encoding UTF-8, i.e. build is platform dependent!
[INFO] Compiling 1 source file to /home/tilekbay/Documents/4th_semester/CS453/Project/Priora/priora-plugin/work/workspace/test-project/target/classes
[INFO] 
[INFO] --- maven-resources-plugin:2.6:testResources (default-testResources) @ my-app ---
[WARNING] Using platform encoding (UTF-8 actually) to copy filtered resources, i.e. build is platform dependent!
[INFO] skip non existing resourceDirectory /home/tilekbay/Documents/4th_semester/CS453/Project/Priora/priora-plugin/work/workspace/test-project/src/test/resources
[INFO] 
[INFO] --- maven-compiler-plugin:3.2:testCompile (default-testCompile) @ my-app ---
[INFO] Changes detected - recompiling the module!
[WARNING] File encoding has not been set, using platform encoding UTF-8, i.e. build is platform dependent!
[INFO] Compiling 1 source file to /home/tilekbay/Documents/4th_semester/CS453/Project/Priora/priora-plugin/work/workspace/test-project/target/test-classes
[INFO] 
[INFO] --- maven-surefire-plugin:2.17:test (default-test) @ my-app ---
[INFO] Tests are skipped.
[INFO] 
[INFO] --- maven-jar-plugin:3.0.2:jar (default-jar) @ my-app ---
[INFO] Building jar: /home/tilekbay/Documents/4th_semester/CS453/Project/Priora/priora-plugin/work/workspace/test-project/target/my-app-1.0-SNAPSHOT.jar
[INFO] ------------------------------------------------------------------------
[INFO] BUILD SUCCESS
[INFO] ------------------------------------------------------------------------
[INFO] Total time: 11.905 s
[INFO] Finished at: 2020-06-22T05:00:21+09:00
[INFO] Final Memory: 14M/68M
[INFO] ------------------------------------------------------------------------
[8mha:////4LgOBfxQcJM/8r3zOciDnpwXu/zn8SUXA7CvZjkwkgPaAAAApR+LCAAAAAAAAP9tjTEOwjAQBC9BFLSUPOICVEgoFa3lhheYxBgn1l2wHZyKF/E1/oBFJCq2WO1sM683LIOHmr3BTlNvKTQWBzeavDCx76+OE3Z8wYYpsNModZLc6tOMkqOGOUUJCwErTY3jYMlEWItOPVTlFJnqHH3+jgJK297hCYXI5qh8/MLkYXMb28D08/wVwDQMEcr9Ntfu8AEWNdkpvgAAAA==[0m[Pipeline] }
[8mha:////4Pzk7m0mRhttMymF0Mi4RTfmAKior59i9EUkwHZN3jNeAAAApR+LCAAAAAAAAP9tjTEOwjAQBC9BFLSUPOKi0FAgqrRWGl5gYmOcWHfGdkgqXsTX+AMWkajYYrWzzbzesI4BThwM9poGS7Gz6N1o8sKJw3B1PGHPF+yYIjuNrZ5aVrpZsOWkYUlRwkrARlPnOFoyCbailw9ZOUmmOqeQv6OA0qo7PKEQ2ZxkSF+YA+xuo4pMP89fAczeJyj3da768AEi+zpyvgAAAA==[0m[Pipeline] // stage
[8mha:////4Is/sdw1HyXO6DMqQKHXq1mp+ek90OmJ4fJV0HajXU9fAAAAph+LCAAAAAAAAP9tjTEOwjAUQ3+DOrAycohU7YqYWKMunCCkISSN/m+TlHbiRFyNOxCoxIQHy7ZkvecLyhjgSMFwp7G3GJXlg59MTnym0F89zdzRhSvCSF7zVs8tdfq01paShlUFg42ArUblKVo0CXbCybusvERTnVPI20EAs90IDyhEJicZ0rcsAfa3qYuEP85fACxDAlbX2Zrm8yzf8hZCqsIAAAA=[0m[Pipeline] stage
[8mha:////4L+XrYL+Wp3+DDeufz0kwNRLMjupRf0F3VqaJ/AKn2M4AAAAph+LCAAAAAAAAP9tjTEOwjAUQ3+LOrAycohUKiNiYo2ycILQhJA0+r9NUtKJE3E17kBLJSY8WLYl673eUMUAJwqGOY2dxdha1vvRzIllCt3NU2aOrqwljOQ1EzoLUvq8VkFJw6qihA2HrcbWU7RoEuy4kw9Ze4mmvqQwb0cOpVUDPKHgMznJkL5lCrC/jyoS/jh/ATD1CcqmWeywPKsPpnFij8IAAAA=[0m[Pipeline] { (Algorithm)
[8mha:////4DHS5MU8XbfrWBj2q7TFWrh4OFgU69rnrJYbBB6GxNe3AAAApB+LCAAAAAAAAP9tjTEOwjAQBC9BFLSUPOIiAR2iSmu54QUmNsaJdWdsh6TiRXyNPxCIRMUWq51t5vmCZYpw5GixNdQ5So3D4Hs7LRw4dhfPA7Z8xoYpsTcozSBZm3pGydnAnKKEhYCVocZzcmQzrEWr7qryimx1ynH6DgJKp2/wgEJM5qxi/sIYYXPtdWL6ef4KYAwZyu3uU/vwBrANZ3i+AAAA[0m[Pipeline] priora
Prioritizing...
MinCommitInterval: 10, MaxCommitInterval: 100000 (in milliseconds)
Using build #132 as reference
Using build #131 as reference
Using build #130 as reference
Using build #129 as reference
Using build #128 as reference
Using build #126 as reference
Using build #109 as reference
/home/tilekbay/Documents/4th_semester/CS453/Project/Priora/priora-plugin
command: [python3, /home/tilekbay/Documents/4th_semester/CS453/Project/Priora/priora-plugin/src/main/java/io/jenkins/plugins/sample/evaluation.py, NSGA, "com.mycompany.app.AppTest#testAppConstructor 0 0 7", "com.mycompany.app.AppTest#testAppMain 6 7 7"]
[]
[8mha:////4F3cBcGeBf/tJVd8UKZCAK8iAzDWyiaMWYlEB+DzbjFkAAAApB+LCAAAAAAAAP9tjTEOwjAQBC9BFLSUPOIigagQVVrLDS8wsTFOrDtjOyQVL+Jr/IFAJCq2WO1sM88XLFOEI0eLraHOUWocBt/baeHAsbt4HrDlMzZMib1BaQbJ2tQzSs4G5hQlLASsDDWekyObYS1adVeVV2SrU47TdxBQOn2DBxRiMmcV8xfGCJtrrxPTz/NXAGMIGcrt/lO7N+4u68W+AAAA[0m[Pipeline] }
[8mha:////4G4OYYyFGhpGjGVZtBlSa9TcfT9KjFOceKTnUxH5cPqdAAAApB+LCAAAAAAAAP9tjTESwiAURH/iWNhaeggyk8LGsbJlaDwBJogQ5n8CRFJ5Iq/mHUQzY+UWO/u2ec8XrGOAIwXNrMLBYOwM827SZbFMYbg6yszShXWEkZxiQmVBvTotKCgpWFLVsOKwUdg5igZ1gi238i4bJ1E35xTKd+BQm36EB1S8mJMM6QtzgN1t6iPhz/NXALP3Cep2/6n2DdZseDS+AAAA[0m[Pipeline] // stage
[8mha:////4NngYHVqEsXBxOSOEOryzYDOxBCRFOqKtLlKQXMCpt2WAAAAqB+LCAAAAAAAAP9tjTEOwjAUQ3+LOrAycohUZWFATF2jLpwgNCEkjf4vSUo6cSKuxh0IVGLCg2Vbst7zBVXwcCSvmVU4GAy9YaObdE4skR8ujhKzdGY9YSCnWKdSR1K1S+0oKlhUlLDisFbYOwoGdYQNt+IuaidQ16fo83bgUBp5gwcUPJOj8PFbZg/b6yQD4Y/zFwDzGKFsmmy7/edZvQFBh4/6wgAAAA==[0m[Pipeline] stage
[8mha:////4CpdAwUrChmcCpsB79QC+oSUwLoVVA+YOgp0/Qj9QpTcAAAAqB+LCAAAAAAAAP9tjTEOwjAUQ3+LOrAycohUYgEJMXWNsnCC0ISQNvq//KS0EyfiatyBlkpMeLBsS9Z7vaGIDCdiJxqLrcdYe9GF3k1JDMTtNdAgGrqImjBSsELZQZGx1VIVJQuLshxWEtYW60DRo0uwkY1+6DJodOU58bQdJeTe3OEJmZzISXP6lpFhe+tNJPxx/gJg7BLku/1sh/lZfAAnLfKUwgAAAA==[0m[Pipeline] { (Test)
[8mha:////4Ga/kN72kfAndBf8h1E/o9X20ffttQ8PHeR5KoL+5BOHAAAApB+LCAAAAAAAAP9tjTEOwjAQBC9BFLSUPOIiUYEQVVrLDS8wsTFOrDtjOyQVL+Jr/IFAJCq2WO1sM88XLFOEI0eLraHOUWocBt/baeHAsbt4HrDlMzZMib1BaQbJ2tQzSs4G5hQlLASsDDWekyObYS1adVeVV2SrU47TdxBQOn2DBxRiMmcV8xfGCJtrrxPTz/NXAGPIUG53n9qHNwcnzs++AAAA[0m[Pipeline] sh
+ mvn test
[INFO] Scanning for projects...
[INFO]                                                                         
[INFO] ------------------------------------------------------------------------
[INFO] Building my-app 1.0-SNAPSHOT
[INFO] ------------------------------------------------------------------------
[INFO] 
[INFO] --- maven-resources-plugin:2.6:resources (default-resources) @ my-app ---
[WARNING] Using platform encoding (UTF-8 actually) to copy filtered resources, i.e. build is platform dependent!
[INFO] skip non existing resourceDirectory /home/tilekbay/Documents/4th_semester/CS453/Project/Priora/priora-plugin/work/workspace/test-project/src/main/resources
[INFO] 
[INFO] --- maven-compiler-plugin:3.2:compile (default-compile) @ my-app ---
[INFO] Nothing to compile - all classes are up to date
[INFO] 
[INFO] --- maven-resources-plugin:2.6:testResources (default-testResources) @ my-app ---
[WARNING] Using platform encoding (UTF-8 actually) to copy filtered resources, i.e. build is platform dependent!
[INFO] skip non existing resourceDirectory /home/tilekbay/Documents/4th_semester/CS453/Project/Priora/priora-plugin/work/workspace/test-project/src/test/resources
[INFO] 
[INFO] --- maven-compiler-plugin:3.2:testCompile (default-testCompile) @ my-app ---
[INFO] Nothing to compile - all classes are up to date
[INFO] 
[INFO] --- maven-surefire-plugin:2.17:test (default-test) @ my-app ---
[INFO] Surefire report directory: /home/tilekbay/Documents/4th_semester/CS453/Project/Priora/priora-plugin/work/workspace/test-project/target/surefire-reports

-------------------------------------------------------
 T E S T S
-------------------------------------------------------
Running com.mycompany.app.AppTest
Tests run: 2, Failures: 1, Errors: 0, Skipped: 0, Time elapsed: 0.163 sec <<< FAILURE! - in com.mycompany.app.AppTest
testAppMain(com.mycompany.app.AppTest)  Time elapsed: 0.007 sec  <<< FAILURE!
java.lang.AssertionError: "message" is not "Hello World!"
	at org.junit.Assert.fail(Assert.java:88)
	at com.mycompany.app.AppTest.testAppMain(AppTest.java:39)


Results :

Failed tests: 
  AppTest.testAppMain:39 "message" is not "Hello World!"

Tests run: 2, Failures: 1, Errors: 0, Skipped: 0

[INFO] ------------------------------------------------------------------------
[INFO] BUILD FAILURE
[INFO] ------------------------------------------------------------------------
[INFO] Total time: 3.710 s
[INFO] Finished at: 2020-06-22T05:00:31+09:00
[INFO] Final Memory: 10M/167M
[INFO] ------------------------------------------------------------------------
[ERROR] Failed to execute goal org.apache.maven.plugins:maven-surefire-plugin:2.17:test (default-test) on project my-app: There are test failures.
[ERROR] 
[ERROR] Please refer to /home/tilekbay/Documents/4th_semester/CS453/Project/Priora/priora-plugin/work/workspace/test-project/target/surefire-reports for the individual test results.
[ERROR] -> [Help 1]
[ERROR] 
[ERROR] To see the full stack trace of the errors, re-run Maven with the -e switch.
[ERROR] Re-run Maven using the -X switch to enable full debug logging.
[ERROR] 
[ERROR] For more information about the errors and possible solutions, please read the following articles:
[ERROR] [Help 1] http://cwiki.apache.org/confluence/display/MAVEN/MojoFailureException
Post stage
[8mha:////4CFBPniy4FFjPvz0m14khaYcSWoaceV+vNz7nqZWXQ/2AAAApR+LCAAAAAAAAP9tjTEOwjAQBC9BFLSUPOKCoEFCqWgtN7zAJMY4se6C7eBUvIiv8QcsIlGxxWpnm3m9YRk81OwNdpp6S6GxOLjR5IWJfX91nLDjCzZMgZ1GqZPkVp9mlBw1zClKWAhYaWocB0smwlp06qEqp8hU5+jzdxRQ2vYOTyhENkfl4xcmD5vb2Aamn+evAKYhQrk75Npvhw959s4fvgAAAA==[0m[Pipeline] junit
Recording test results
[8mha:////4ER0TkKzxD+SdCmtdO3YfVus7xXzrQFFyICPIMEAvXeAAAAApR+LCAAAAAAAAP9tjTEOwjAQBC9BFLSUPOIioEFCqWgtN7zAJMY4se6C7eBUvIiv8QcsIlGxxWpnm3m9YRk81OwNdpp6S6GxOLjR5IWJfX91nLDjCzZMgZ1GqZPkVp9mlBw1zClKWAhYaWocB0smwlp06qEqp8hU5+jzdxRQ2vYOTyhENkfl4xcmD5vb2Aamn+evAKZhiFDut7l2hw/Evt9vvgAAAA==[0m[Pipeline] }
[8mha:////4BGOH16YU9GuyQgr9g5bz/CSVYUUCdfSmjh6SmiguAt9AAAApR+LCAAAAAAAAP9tjTEOwjAQBC9BFLSUPOIihYICUaW10vACExvjxLoztkNS8SK+xh+wiETFFqudbeb1hnUMcOJgsNc0WIqdRe9GkxdOHIar4wl7vmDHFNlpbPXUstLNgi0nDUuKElYCNpo6x9GSSbAVvXzIykky1TmF/B0FlFbd4QmFyOYkQ/rCHGB3G1Vk+nn+CmD2PkG5r3PVhw/70fR5vgAAAA==[0m[Pipeline] // stage
[8mha:////4FH0WXxSUhM89fhtb52jrmPNF5YB5jVrBINmZNy0iEzNAAAApx+LCAAAAAAAAP9tjTEOwjAUQ3+DOrAycohUVUfExBp14QQhDSFp9H+bpLQTJ+Jq3IFAJSY8WLYl6z1fUMYARwqGO429xagsH/xkcuIzhf7qaeaOLlwRRvKat3puqdOntbaUNKwqGGwEbDUqT9GiSbATTt5l5SWa6pxC3g4CmO1GeEAhMjnJkL5lCbC/TV0k/HH+AmAZErC6ztY0n2f5BuPOacfCAAAA[0m[Pipeline] stage
[8mha:////4PTxQ1LMVVJ5ZshBC11zcQOsCoGwap2dpPaliH9w7iTAAAAAph+LCAAAAAAAAP9tjTEOwjAUQ3+LOrAycoh0KBtiYo2ycILQhJA0+r9NUtKJE3E17kBLJSY8WLYl673eUMUAJwqGOY2dxdha1vvRzIllCt3NU2aOrqwljOQ1EzoLUvq8VkFJw6qihA2HrcbWU7RoEuy4kw9Ze4mmvqQwb0cOpVUDPKHgMznJkL5lCrC/jyoS/jh/ATD1CcqmWeywPKsPBdk7bsIAAAA=[0m[Pipeline] { (Deliver)
Stage "Deliver" skipped due to earlier failure(s)
[8mha:////4DuMqEu3/LuxKEJ0r6z5gcGTaz8cIUiJtA5/FKUioNfkAAAApB+LCAAAAAAAAP9tjTEOwjAQBC9BFLSUPOJSABWiSmu54QUmNsaJdWdsh6TiRXyNPxCIRMUWq51t5vmCZYpw5GixNdQ5So3D4Hs7LRw4dhfPA7Z8xoYpsTcozSBZm3pGydnAnKKEhYCVocZzcmQzrEWr7qryimx1ynH6DgJKp2/wgEJM5qxi/sIYYXPtdWL6ef4KYAwhQ7ndf2r3BriB4+S+AAAA[0m[Pipeline] }
[8mha:////4FdCk5p9Q1C+zns+Nk56WDObo8zWyGOKN+5gf+qU4uRWAAAApB+LCAAAAAAAAP9tjTESwiAURH/iWNhaeghSZMbGsbJlaDwBJogQ5n8CRFJ5Iq/mHUQzY+UWO/u2ec8XrGOAIwXNrMLBYOwM827SZbFMYbg6yszShXWEkZxiQmVBvTotKCgpWFLVsOKwUdg5igZ1gi238i4bJ1E35xTKd+BQm36EB1S8mJMM6QtzgN1t6iPhz/NXALP3Cep2/6n2DbVmE/y+AAAA[0m[Pipeline] // stage
[8mha:////4BXmV8xk9wojN0uScW7mdPBjecS/65feOUUynlLHODXPAAAApR+LCAAAAAAAAP9tjTEOwjAQBC9BFLSUPOKiiIICUaW10vACExvjxLoztkNS8SK+xh+wiETFFqudbeb1hnUMcOJgsNc0WIqdRe9GkxdOHIar4wl7vmDHFNlpbPXUstLNgi0nDUuKElYCNpo6x9GSSbAVvXzIykky1TmF/B0FlFbd4QmFyOYkQ/rCHGB3G1Vk+nn+CmD2PkG5P+Sq6w++tnfrvgAAAA==[0m[Pipeline] }
[8mha:////4Lx/suGxNr914U0qzdS5sP3zbpEAhApdh94zrDUqJ5g7AAAApR+LCAAAAAAAAP9tjTEOwjAQBC9BFLSUPOICokFCqWgtN7zAJMY4se6C7eBUvIiv8QcsIlGxxWpnm3m9YRk81OwNdpp6S6GxOLjR5IWJfX91nLDjCzZMgZ1GqZPkVp9mlBw1zClKWAhYaWocB0smwlp06qEqp8hU5+jzdxRQ2vYOTyhENkfl4xcmD5vb2Aamn+evAKZhiFDuD7l22w/9NCZtvgAAAA==[0m[Pipeline] // withEnv
[8mha:////4GhfzpNCNdbxNZZDe4cnOBC0yn8xnvhzTqNOaQu+08ojAAAAox+LCAAAAAAAAP9tjTEOwjAQBDdBFLSUPMIpoEGIitZKwwtMYowT6y7YF5KKF/E1/kBEJCq22plmXm8sU8SRo1ONpdZTqrzqQu+mpwaO7TXwoBq+qIopcbCqtEPJtT3NWLJYzMtyLDRWlqrAyZMTrHVjHqYIhlxxlji5g0bu6zueyPRUFhPlC2PE5tbXienX+RvA2HWCfLsXZLsP/+idkr0AAAA=[0m[Pipeline] }
[8mha:////4PIzMFJ9wSg5epT1IjhctdQh1lfN3bZtWnbt+BeH91N5AAAAox+LCAAAAAAAAP9tjTEOwjAQBDdBFLSUPMJBgg5R0VppeIFJjHFi3QX7QlLxIr7GH4iIRMVWO9PM641lijhydKqx1HpKlVdd6N301MCxvQYeVMMXVTElDlaVdii5tqcZSxaLeVmOhcbKUhU4eXKCtW7MwxTBkCvOEid30Mh9fccTmZ7KYqJ8YYzY3Po6Mf06fwMYu06Q77eCbPcBlS/sHL0AAAA=[0m[Pipeline] // node
[8mha:////4KCPkuWWhMT6/JFRdesZGtXwnbHbxZBTFZ5xJ3ScFD1JAAAAox+LCAAAAAAAAP9tjTEOwjAQBDdBFLSUPMIRiA5R0VppeIFJjHFi3QX7QlLxIr7GH4iIRMVWO9PM641lijhydKqx1HpKlVdd6N301MCxvQYeVMMXVTElDlaVdii5tqcZSxaLeVmOhcbKUhU4eXKCtW7MwxTBkCvOEid30Mh9fccTmZ7KYqJ8YYzY3Po6Mf06fwMYu06Q77eCbPcBszaLVr0AAAA=[0m[Pipeline] End of Pipeline
ERROR: script returned exit code 1
Finished: FAILURE
