Started by user unknown or anonymous
Obtained Jenkinsfile from git https://github.com/cs453-team3/test-project
Running in Durability level: MAX_SURVIVABILITY
[8mha:////4K86Yp3d86CtkDjotyI2vGr3NMtxyV3hcXjIQmvwrfPPAAAAoh+LCAAAAAAAAP9tjTEOwjAQBM8BClpKHuFItIiK1krDC0x8GCfWnbEdkooX8TX+gCESFVvtrLSa5wtWKcKBo5UdUu8otU4GP9jS5Mixv3geZcdn2TIl9igbHBs2eJyx4YwwR1SwULBGaj0nRzbDRnX6rmuvydanHMu2V1A5c4MHCFXMWcf8hSnC9jqYxPTz/BXAFEIGsfuclm8zQVqFvQAAAA==[0m[Pipeline] Start of Pipeline
[8mha:////4N4rNWdlsNzXgBwl4QgjJ/WLfoqxAXWJi9XQBFv4TyqPAAAApR+LCAAAAAAAAP9tjTEOwjAUQ3+KOrAycohUghExsUZZOEFIQkgb/d8mKe3EibgadyBQiQlLlmxL1nu+oE4RjhQdby12HpP2vA+jK4lPFLtroIm3dOGaMFGwXNpJkrGnpUrKFhaxClYC1hZ1oOTRZdiIVt1VExS65pxj2Q4CKm8GeAAThZxVzN8yR9jeRpMIf5y/AJj7DGxXvP/86jduZBmjwAAAAA==[0m[Pipeline] node
Running on [8mha:////4F/JntmAcWQufDx8NgTERa1AI0ffi4BNcXd4aW2x9AmjAAAAnh+LCAAAAAAAAP9b85aBtbiIQTGjNKU4P08vOT+vOD8nVc83PyU1x6OyILUoJzMv2y+/JJUBAhiZGBgqihhk0NSjKDWzXb3RdlLBUSYGJk8GtpzUvPSSDB8G5tKinBIGIZ+sxLJE/ZzEvHT94JKizLx0a6BxUmjGOUNodHsLgAz2EgZh/eT83ILSktQifY3cxGIgrakPAHib2iPIAAAA[0mJenkins in /home/tilekbay/Documents/4th_semester/CS453/Project/Priora/priora-plugin/work/workspace/test-project
[8mha:////4GEAY069x2FAoihxymodPa1QXa6NF/v/JZv1k1cy7jdgAAAApR+LCAAAAAAAAP9tjTEOwjAUQ3+KOrAycoh0gA0xsUZZOEFIQkgb/d8mKe3EibgadyBQiQlLlmxL1nu+oE4RjhQdby12HpP2vA+jK4lPFLtroIm3dOGaMFGwXNpJkrGnpUrKFhaxClYC1hZ1oOTRZdiIVt1VExS65pxj2Q4CKm8GeAAThZxVzN8yR9jeRpMIf5y/AJj7DGxXvP/86jfoP95RwAAAAA==[0m[Pipeline] {
[8mha:////4JIEeIyBML3IMz5tPJulOwxUuWjNcByJAl+SgNMBCfZOAAAApR+LCAAAAAAAAP9tjTEOwjAUQ3+KOrAycoh0gQkxsUZZOEFIQkgb/d8mKe3EibgadyBQiQlLlmxL1nu+oE4RjhQdby12HpP2vA+jK4lPFLtroIm3dOGaMFGwXNpJkrGnpUrKFhaxClYC1hZ1oOTRZdiIVt1VExS65pxj2Q4CKm8GeAAThZxVzN8yR9jeRpMIf5y/AJj7DGxXvP/86jc09154wAAAAA==[0m[Pipeline] stage
[8mha:////4IA/nIV2lpMsY/xBlkpX+T3otC1n5SnE42umjpx0CWURAAAApR+LCAAAAAAAAP9tjTEOwjAUQ3+KOrAycoh0ggUxsUZZOEFIQkgb/d8mKe3EibgadyBQiQlLlmxL1nu+oE4RjhQdby12HpP2vA+jK4lPFLtroIm3dOGaMFGwXNpJkrGnpUrKFhaxClYC1hZ1oOTRZdiIVt1VExS65pxj2Q4CKm8GeAAThZxVzN8yR9jeRpMIf5y/AJj7DGxXvP/86jek7ggRwAAAAA==[0m[Pipeline] { (Declarative: Checkout SCM)
[8mha:////4JI+Hcd9E2WsPggUcSdIT+qg46pj1OahCmKUG7BudposAAAAoh+LCAAAAAAAAP9tjTEOAiEURD9rLGwtPQTbaWGsbAmNJ0AWEZb8zwLrbuWJvJp3kLiJlZNMMm+a93rDOic4UbLcG+wdZu14DKOti0+U+lugiXu6ck2YKRguzSSpM+cFJRUDS1gDKwEbgzpQdmgLbIVXD9UGhba9lFS/o4DGdQM8gYlqLiqVL8wJdvexy4Q/z18BzLEA29ce4gfg7KmOvAAAAA==[0m[Pipeline] checkout
No credentials specified
 > git rev-parse --is-inside-work-tree # timeout=10
Fetching changes from the remote Git repository
 > git config remote.origin.url https://github.com/cs453-team3/test-project # timeout=10
Fetching upstream changes from https://github.com/cs453-team3/test-project
 > git --version # timeout=10
 > git fetch --tags --progress https://github.com/cs453-team3/test-project +refs/heads/*:refs/remotes/origin/* # timeout=10
 > git rev-parse refs/remotes/origin/master^{commit} # timeout=10
 > git rev-parse refs/remotes/origin/origin/master^{commit} # timeout=10
Checking out Revision e94d8d191411e24933d0a3f96c3adbf9e93dd885 (refs/remotes/origin/master)
 > git config core.sparsecheckout # timeout=10
 > git checkout -f e94d8d191411e24933d0a3f96c3adbf9e93dd885 # timeout=10
Commit message: "Merge branch 'master' of https://github.com/cs453-team3/test-project"
 > git rev-list --no-walk a02b45855ee50420197f6097de635ee80b9706d7 # timeout=10
[8mha:////4OATxRgs/5E0MFAh4PWRosb8J1t4aO/vZv61MShv7qEnAAAAoh+LCAAAAAAAAP9tjTEOAiEURD9rLGwtPQTbGRNjZUtoPAGyiLDkfxZYdytP5NW8g8RNrJxkknnTvNcb1jnBiZLl3mDvMGvHYxhtXXyi1N8CTdzTlWvCTMFwaSZJnTkvKKkYWMIaWAnYGNSBskNbYCu8eqg2KLTtpaT6HQU0rhvgCUxUc1GpfGFOsLuPXSb8ef4KYI6xADvU7j9Dg2gqvAAAAA==[0m[Pipeline] }
[8mha:////4FhrV2KZ1omTZuWaShWTmXDYVWyN6gETP7l03QmdjlH5AAAAoh+LCAAAAAAAAP9tjTEOAiEURD9rLGwtPQRbWRhjZUtoPAGyiLDkfxZYdytP5NW8g8RNrJxkknnTvNcb1jnBiZLl3mDvMGvHYxhtXXyi1N8CTdzTlWvCTMFwaSZJnTkvKKkYWMIaWAnYGNSBskNbYCu8eqg2KLTtpaT6HQU0rhvgCUxUc1GpfGFOsLuPXSb8ef4KYI6xADvU7j9J+wGOvAAAAA==[0m[Pipeline] // stage
[8mha:////4HUtqzjlS/kRAEAEFrW3bDp11mvmlTbZIQyTjNOYP4dDAAAAph+LCAAAAAAAAP9tjTEOwjAQBM9BKWgpeYQDEh2iorXc8AITG+PEugv2haTiRXyNPxCIRMVWOyut5vmCMic4UPKycdgGzHWQXez91ORAqb1EGmRDZ1kTZopOajdosu44oyZ2MEcUsFCwdFhHygE9w0o15m6qaNBXJ07TtldQBHuDBwg1mdkk/sKYYH3tbSb8ef4KYOwYxI6h2G4+x/INtuQqUcEAAAA=[0m[Pipeline] withEnv
[8mha:////4CZkMvjzherq9Mxgja5Z9+TafqZE18gdYkhmDLsDlieLAAAApR+LCAAAAAAAAP9tjTEOwjAUQ3+DOrAycoiUzoiJNerCCUITQtLo/zZJSSdOxNW4Ay2VmPBg2Zas93pDGQOcKBjuNHYWY2t570czJ54pdDdPmTu68pYwkte80bkhpc9rbShpWFUw2AjYamw9RYsmwU44+ZCVl2iqSwrzdhTArBrgCYWYyUmG9C1TgP19VJHwx/kLgKlPwOrDYvXyLD8BobDcwgAAAA==[0m[Pipeline] {
[8mha:////4J0CauLQwCiO/Ft4W+VtOoIP0wA2+pJqL+Bytw9VEatAAAAAph+LCAAAAAAAAP9tjTEOwjAUQ3+LOrAycohUZUVMrFEWThCaEJJG/7dJSjpxIq7GHWipxIQHy7ZkvdcbqhjgRMEwp7GzGFvLej+aObFMobt5yszRlbWEkbxmQmdBSp/XKihpWFWUsOGw1dh6ihZNgh138iFrL9HUlxTm7cihtGqAJxR8JicZ0rdMAfb3UUXCH+cvAKY+Qdk0ix2WZ/UBbwyqm8IAAAA=[0m[Pipeline] stage
[8mha:////4BLDMAN+Z371Ge7eVDfCffP9EjB0x0F4Ekn4nOG0dKKtAAAAph+LCAAAAAAAAP9tjTEOwjAUQ3+LOrAycohUwIiYukZZOEFoQkgb/V9+UtqJE3E17kBLJSY8WLYl673eUESGE7ETjcXWY6y96ELvpiQG4vYaaBANXURNGClYoeygyNhqqYqShUVZDisJa4t1oOjRJdjIRj90GTS68px42o4Scm/u8IRMTuSkOX3LyLC99SYS/jh/ATB2CfLdfrbD/Cw+y7kUycIAAAA=[0m[Pipeline] { (Checking Trigger)
[8mha:////4OQ81wNXZTwm9jQXY7IbGOUG+1IbRMz/Im70Cm5OW1QTAAAApB+LCAAAAAAAAP9tjTEOwjAQBC9BFLSUPOIiBB2iSmu54QUmNsaJdWdsh6TiRXyNPxCIRMUWq51t5vmCZYpw5GixNdQ5So3D4Hs7LRw4dhfPA7Z8xoYpsTcozSBZm3pGydnAnKKEhYCVocZzcmQzrEWr7qryimx1ynH6DgJKp2/wgEJM5qxi/sIYYXPtdWL6ef4KYAwZyu3uU/vwBgq0rvS+AAAA[0m[Pipeline] sh
+ echo null
null
[8mha:////4FwS2ZFeiJzhIuQdtDtdCg4LC3ZnceVIy7dolh+KKLsnAAAApB+LCAAAAAAAAP9tjTEOwjAQBC9BFLSUPOIihKgQVVrLDS8wsTFOrDtjOyQVL+Jr/IFAJCq2WO1sM88XLFOEI0eLraHOUWocBt/baeHAsbt4HrDlMzZMib1BaQbJ2tQzSs4G5hQlLASsDDWekyObYS1adVeVV2SrU47TdxBQOn2DBxRiMmcV8xfGCJtrrxPTz/NXAGMIGcrt/lO7N7BnLt++AAAA[0m[Pipeline] }
[8mha:////4FiQWyyN0RKjhUUMpCY9sbL1IcmKchyZk4hTtN9L5eTWAAAApB+LCAAAAAAAAP9tjTEOwjAQBC9BFLSUPOIiKGgQVVrLDS8wsTFOrDtjOyQVL+Jr/IFAJCq2WO1sM88XLFOEI0eLraHOUWocBt/baeHAsbt4HrDlMzZMib1BaQbJ2tQzSs4G5hQlLASsDDWekyObYS1adVeVV2SrU47TdxBQOn2DBxRiMmcV8xfGCJtrrxPTz/NXAGMIGcrt/lO7N4glvS6+AAAA[0m[Pipeline] // stage
[8mha:////4Oqcd0xCPqGnSTQHlO9ZV2oWt/KUQ4B4t5/M0iBkE7AHAAAApx+LCAAAAAAAAP9tjTEOwjAUQ3+LOrAycohUnRgQE2uUhROEJoSk0f9tkpJOnIircQdaKjHhwbItWe/1hioGOFEwzGnsLMbWst6PZk4sU+hunjJzdGUtYSSvmdBZkNLntQpKGlYVJWw4bDW2nqJFk2DHnXzI2ks09SWFeTtyKK0a4AkFn8lJhvQtU4D9fVSR8Mf5C4CpT1A2zWKH5Vl9ANydZ8vCAAAA[0m[Pipeline] stage
[8mha:////4HHtmQlKPgpqd2WBaZJlPxODRw6ri0Jg9UuinAwbdv/XAAAApx+LCAAAAAAAAP9tjTEOwjAUQ3+LOrAycohUTCAhpq5RFk4QmhDSRv+Xn5R24kRcjTvQUokJD5ZtyXqvNxSR4UTsRGOx9RhrL7rQuymJgbi9BhpEQxdRE0YKVig7KDK2WqqiZGFRlsNKwtpiHSh6dAk2stEPXQaNrjwnnrajhNybOzwhkxM5aU7fMjJsb72JhD/OXwCMXYJ8t5/tMD+LD0rlhNLCAAAA[0m[Pipeline] { (Build)
[8mha:////4Ey2njfYweNVOcteV3en1UaVYeHcY20pQE4aXISR7Kd/AAAApB+LCAAAAAAAAP9tjTEOwjAQBC9BFLSUPOIiOhCiSmu54QUmNsaJdWdsh6TiRXyNPxCIRMUWq51t5vmCZYpw5GixNdQ5So3D4Hs7LRw4dhfPA7Z8xoYpsTcozSBZm3pGydnAnKKEhYCVocZzcmQzrEWr7qryimx1ynH6DgJKp2/wgEJM5qxi/sIYYXPtdWL6ef4KYAwZyu3uU/vwBr2eB0O+AAAA[0m[Pipeline] sh
+ mvn -B -DskipTests clean package
[INFO] Scanning for projects...
[INFO]                                                                         
[INFO] ------------------------------------------------------------------------
[INFO] Building my-app 1.0-SNAPSHOT
[INFO] ------------------------------------------------------------------------
[INFO] 
[INFO] --- maven-clean-plugin:2.5:clean (default-clean) @ my-app ---
[INFO] Deleting /home/tilekbay/Documents/4th_semester/CS453/Project/Priora/priora-plugin/work/workspace/test-project/target
[INFO] 
[INFO] --- maven-resources-plugin:2.6:resources (default-resources) @ my-app ---
[WARNING] Using platform encoding (UTF-8 actually) to copy filtered resources, i.e. build is platform dependent!
[INFO] skip non existing resourceDirectory /home/tilekbay/Documents/4th_semester/CS453/Project/Priora/priora-plugin/work/workspace/test-project/src/main/resources
[INFO] 
[INFO] --- maven-compiler-plugin:3.2:compile (default-compile) @ my-app ---
[INFO] Changes detected - recompiling the module!
[WARNING] File encoding has not been set, using platform encoding UTF-8, i.e. build is platform dependent!
[INFO] Compiling 1 source file to /home/tilekbay/Documents/4th_semester/CS453/Project/Priora/priora-plugin/work/workspace/test-project/target/classes
[INFO] 
[INFO] --- maven-resources-plugin:2.6:testResources (default-testResources) @ my-app ---
[WARNING] Using platform encoding (UTF-8 actually) to copy filtered resources, i.e. build is platform dependent!
[INFO] skip non existing resourceDirectory /home/tilekbay/Documents/4th_semester/CS453/Project/Priora/priora-plugin/work/workspace/test-project/src/test/resources
[INFO] 
[INFO] --- maven-compiler-plugin:3.2:testCompile (default-testCompile) @ my-app ---
[INFO] Changes detected - recompiling the module!
[WARNING] File encoding has not been set, using platform encoding UTF-8, i.e. build is platform dependent!
[INFO] Compiling 1 source file to /home/tilekbay/Documents/4th_semester/CS453/Project/Priora/priora-plugin/work/workspace/test-project/target/test-classes
[INFO] 
[INFO] --- maven-surefire-plugin:2.17:test (default-test) @ my-app ---
[INFO] Tests are skipped.
[INFO] 
[INFO] --- maven-jar-plugin:3.0.2:jar (default-jar) @ my-app ---
[INFO] Building jar: /home/tilekbay/Documents/4th_semester/CS453/Project/Priora/priora-plugin/work/workspace/test-project/target/my-app-1.0-SNAPSHOT.jar
[INFO] ------------------------------------------------------------------------
[INFO] BUILD SUCCESS
[INFO] ------------------------------------------------------------------------
[INFO] Total time: 12.316 s
[INFO] Finished at: 2020-06-19T17:13:41+09:00
[INFO] Final Memory: 13M/50M
[INFO] ------------------------------------------------------------------------
[8mha:////4LgOBfxQcJM/8r3zOciDnpwXu/zn8SUXA7CvZjkwkgPaAAAApR+LCAAAAAAAAP9tjTEOwjAQBC9BFLSUPOICVEgoFa3lhheYxBgn1l2wHZyKF/E1/oBFJCq2WO1sM683LIOHmr3BTlNvKTQWBzeavDCx76+OE3Z8wYYpsNModZLc6tOMkqOGOUUJCwErTY3jYMlEWItOPVTlFJnqHH3+jgJK297hCYXI5qh8/MLkYXMb28D08/wVwDQMEcr9Ntfu8AEWNdkpvgAAAA==[0m[Pipeline] }
[8mha:////4Pzk7m0mRhttMymF0Mi4RTfmAKior59i9EUkwHZN3jNeAAAApR+LCAAAAAAAAP9tjTEOwjAQBC9BFLSUPOKi0FAgqrRWGl5gYmOcWHfGdkgqXsTX+AMWkajYYrWzzbzesI4BThwM9poGS7Gz6N1o8sKJw3B1PGHPF+yYIjuNrZ5aVrpZsOWkYUlRwkrARlPnOFoyCbailw9ZOUmmOqeQv6OA0qo7PKEQ2ZxkSF+YA+xuo4pMP89fAczeJyj3da768AEi+zpyvgAAAA==[0m[Pipeline] // stage
[8mha:////4Is/sdw1HyXO6DMqQKHXq1mp+ek90OmJ4fJV0HajXU9fAAAAph+LCAAAAAAAAP9tjTEOwjAUQ3+DOrAycohU7YqYWKMunCCkISSN/m+TlHbiRFyNOxCoxIQHy7ZkvecLyhjgSMFwp7G3GJXlg59MTnym0F89zdzRhSvCSF7zVs8tdfq01paShlUFg42ArUblKVo0CXbCybusvERTnVPI20EAs90IDyhEJicZ0rcsAfa3qYuEP85fACxDAlbX2Zrm8yzf8hZCqsIAAAA=[0m[Pipeline] stage
[8mha:////4L+XrYL+Wp3+DDeufz0kwNRLMjupRf0F3VqaJ/AKn2M4AAAAph+LCAAAAAAAAP9tjTEOwjAUQ3+LOrAycohUKiNiYo2ycILQhJA0+r9NUtKJE3E17kBLJSY8WLYl673eUMUAJwqGOY2dxdha1vvRzIllCt3NU2aOrqwljOQ1EzoLUvq8VkFJw6qihA2HrcbWU7RoEuy4kw9Ze4mmvqQwb0cOpVUDPKHgMznJkL5lCrC/jyoS/jh/ATD1CcqmWeywPKsPpnFij8IAAAA=[0m[Pipeline] { (Test)
Post stage
[8mha:////4DHS5MU8XbfrWBj2q7TFWrh4OFgU69rnrJYbBB6GxNe3AAAApB+LCAAAAAAAAP9tjTEOwjAQBC9BFLSUPOIiAR2iSmu54QUmNsaJdWdsh6TiRXyNPxCIRMUWq51t5vmCZYpw5GixNdQ5So3D4Hs7LRw4dhfPA7Z8xoYpsTcozSBZm3pGydnAnKKEhYCVocZzcmQzrEWr7qryimx1ynH6DgJKp2/wgEJM5qxi/sIYYXPtdWL6ef4KYAwZyu3uU/vwBrANZ3i+AAAA[0m[Pipeline] junit
Recording test results
No test report files were found. Configuration error?
Error when executing always post condition:
hudson.AbortException: No test report files were found. Configuration error?
	at hudson.tasks.junit.JUnitParser$ParseResultCallable.invoke(JUnitParser.java:154)
	at hudson.tasks.junit.JUnitParser$ParseResultCallable.invoke(JUnitParser.java:118)
	at hudson.FilePath.act(FilePath.java:1076)
	at hudson.FilePath.act(FilePath.java:1059)
	at hudson.tasks.junit.JUnitParser.parseResult(JUnitParser.java:114)
	at hudson.tasks.junit.JUnitResultArchiver.parse(JUnitResultArchiver.java:137)
	at hudson.tasks.junit.JUnitResultArchiver.parseAndAttach(JUnitResultArchiver.java:167)
	at hudson.tasks.junit.pipeline.JUnitResultsStepExecution.run(JUnitResultsStepExecution.java:52)
	at hudson.tasks.junit.pipeline.JUnitResultsStepExecution.run(JUnitResultsStepExecution.java:25)
	at org.jenkinsci.plugins.workflow.steps.SynchronousNonBlockingStepExecution.lambda$start$0(SynchronousNonBlockingStepExecution.java:47)
	at java.util.concurrent.Executors$RunnableAdapter.call(Executors.java:511)
	at java.util.concurrent.FutureTask.run(FutureTask.java:266)
	at java.util.concurrent.ThreadPoolExecutor.runWorker(ThreadPoolExecutor.java:1149)
	at java.util.concurrent.ThreadPoolExecutor$Worker.run(ThreadPoolExecutor.java:624)
	at java.lang.Thread.run(Thread.java:748)

[8mha:////4F3cBcGeBf/tJVd8UKZCAK8iAzDWyiaMWYlEB+DzbjFkAAAApB+LCAAAAAAAAP9tjTEOwjAQBC9BFLSUPOIigagQVVrLDS8wsTFOrDtjOyQVL+Jr/IFAJCq2WO1sM88XLFOEI0eLraHOUWocBt/baeHAsbt4HrDlMzZMib1BaQbJ2tQzSs4G5hQlLASsDDWekyObYS1adVeVV2SrU47TdxBQOn2DBxRiMmcV8xfGCJtrrxPTz/NXAGMIGcrt/lO7N+4u68W+AAAA[0m[Pipeline] }
[8mha:////4G4OYYyFGhpGjGVZtBlSa9TcfT9KjFOceKTnUxH5cPqdAAAApB+LCAAAAAAAAP9tjTESwiAURH/iWNhaeggyk8LGsbJlaDwBJogQ5n8CRFJ5Iq/mHUQzY+UWO/u2ec8XrGOAIwXNrMLBYOwM827SZbFMYbg6yszShXWEkZxiQmVBvTotKCgpWFLVsOKwUdg5igZ1gi238i4bJ1E35xTKd+BQm36EB1S8mJMM6QtzgN1t6iPhz/NXALP3Cep2/6n2DdZseDS+AAAA[0m[Pipeline] // stage
[8mha:////4NngYHVqEsXBxOSOEOryzYDOxBCRFOqKtLlKQXMCpt2WAAAAqB+LCAAAAAAAAP9tjTEOwjAUQ3+LOrAycohUZWFATF2jLpwgNCEkjf4vSUo6cSKuxh0IVGLCg2Vbst7zBVXwcCSvmVU4GAy9YaObdE4skR8ujhKzdGY9YSCnWKdSR1K1S+0oKlhUlLDisFbYOwoGdYQNt+IuaidQ16fo83bgUBp5gwcUPJOj8PFbZg/b6yQD4Y/zFwDzGKFsmmy7/edZvQFBh4/6wgAAAA==[0m[Pipeline] stage
[8mha:////4CpdAwUrChmcCpsB79QC+oSUwLoVVA+YOgp0/Qj9QpTcAAAAqB+LCAAAAAAAAP9tjTEOwjAUQ3+LOrAycohUYgEJMXWNsnCC0ISQNvq//KS0EyfiatyBlkpMeLBsS9Z7vaGIDCdiJxqLrcdYe9GF3k1JDMTtNdAgGrqImjBSsELZQZGx1VIVJQuLshxWEtYW60DRo0uwkY1+6DJodOU58bQdJeTe3OEJmZzISXP6lpFhe+tNJPxx/gJg7BLku/1sh/lZfAAnLfKUwgAAAA==[0m[Pipeline] { (Deliver)
Stage "Deliver" skipped due to earlier failure(s)
[8mha:////4E1GTYT8ivlgCZ63DnDATTxNnSEjhpDMJ75OTxkS/bEzAAAApB+LCAAAAAAAAP9tjTEOwjAQBC9BFLSUPOIiUYEQVVrLDS8wsTFOrDtjOyQVL+Jr/IFAJCq2WO1sM88XLFOEI0eLraHOUWocBt/baeHAsbt4HrDlMzZMib1BaQbJ2tQzSs4G5hQlLASsDDWekyObYS1adVeVV2SrU47TdxBQOn2DBxRiMmcV8xfGCJtrrxPTz/NXAGMIGcrt/lO7Nx03+yW+AAAA[0m[Pipeline] }
[8mha:////4NcYt6HFgSiOO4vmHv/SwXnWSLOg+5yUhji8KBLA/gv7AAAApR+LCAAAAAAAAP9tjTEOwjAQBC9BFLSUPOKCoKBAqWgtN7zAJMY4se6C7eBUvIiv8QcsIlGxxWpnm3m9YRk81OwNdpp6S6GxOLjR5IWJfX91nLDjCzZMgZ1GqZPkVp9mlBw1zClKWAhYaWocB0smwlp06qEqp8hU5+jzdxRQ2vYOTyhENkfl4xcmD5vb2Aamn+evAKZhiFDut7l2hw/wcDw0vgAAAA==[0m[Pipeline] // stage
[8mha:////4C53CHJknGzrd4mZN5q4GmcTvBzKn8PEEzGWeykm4Y1zAAAApB+LCAAAAAAAAP9tjTEOwjAQBC9BFLSUPMJRRImoaC03vMAkxtix7ox9Ial4EV/jD1hEomKL1c4283rDOic4UrLCGxwc5s6JGEZblpgoDddAk/B0ER1hpmCEMpOi3pwWVMQGllQ1rCRsDHaBskPLsJVeP3QTNNrmzKl8Bwm16+/whEoWM+vEX5gT7G5jnwl/nr8CmGNkqPdtqbb9AKNVLj2+AAAA[0m[Pipeline] }
[8mha:////4P/Kd7ln8vq4w5/YntGcsZzvyAritbuXu0S1wYv8R/LLAAAApB+LCAAAAAAAAP9tjTsOwjAQRDdBFLSUHGLDp0SpaC03nMAkxjixdoPt4FSciKtxBywiUTHFaN407/WGZfBQszfYaeothcbi4EaTFyb2/dVxwo4v2DAFdhqlTpJbfZpRctQwpyhhIWClqXEcLJkIa9Gph6qcIlOdo8/fUUBp2zs8oRDZHJWPX5g8bG5jG5h+nr8CmIYhQnnY59ptP5sXvcy+AAAA[0m[Pipeline] // withEnv
[8mha:////4OWj3v+8C1lFiMQcuQMrRj7irgLQZ5NQzbASCxMZ+p7+AAAAoh+LCAAAAAAAAP9tjTESgjAQRT84FraWHiIU2DlWthkaTxAhxkBmF5NFqDyRV/MOMjJj5a/+e817vbFOEUeOTrWWOk+p9qoPg5ufGjl218CjavmiaqbEwarKjhU39rRgxWKxLMux0thYqgMnT06w1a15mCIYcsVZ4uwOGrlv7ngi03NZTJQvTBG729Akpl/nbwBT3wvyshRk+w9e8C3YvQAAAA==[0m[Pipeline] }
[8mha:////4Ev3kWww0zgLpuoUyy2hETAAig3n9E6DcW/AD3dHhg8uAAAAoh+LCAAAAAAAAP9tjTESgjAQRT84FraWHiIU2DlWthkaTxAhxkBmF5NFqDyRV/MOMjJj5a/+e817vbFOEUeOTrWWOk+p9qoPg5ufGjl218CjavmiaqbEwarKjhU39rRgxWKxLMux0thYqgMnT06w1a15mCIYcsVZ4uwOGrlv7ngi03NZTJQvTBG729Akpl/nbwBT3wvyci/Iyg/tuWn0vQAAAA==[0m[Pipeline] // node
[8mha:////4IbaTYJWKBJzj+kj0NWMl+VT/89rf7mmAjeBVoKp2jNLAAAAox+LCAAAAAAAAP9tjTEOwjAQBDdBFLSUPMKRQFSIitZKwwtMYowT6y7YF5KKF/E1/kBEJCq22plmXm8sU8SRo1ONpdZTqrzqQu+mpwaO7TXwoBq+qIopcbCqtEPJtT3NWLJYzMtyLDRWlqrAyZMTrHVjHqYIhlxxlji5g0bu6zueyPRUFhPlC2PE5tbXienX+RvA2HWCfLcXZNsPy6AOvr0AAAA=[0m[Pipeline] End of Pipeline
java.lang.NoSuchMethodError: No such DSL method 'greet' found among steps [archive, bat, build, catchError, checkout, deleteDir, dir, dockerFingerprintFrom, dockerFingerprintRun, echo, envVarsForTool, error, fileExists, getContext, git, input, isUnix, junit, library, libraryResource, load, lock, mail, milestone, node, parallel, powershell, properties, pwd, readFile, readTrusted, realtimeJUnit, resolveScm, retry, script, sh, sleep, stage, stash, step, timeout, tm, tool, unarchive, unstable, unstash, validateDeclarativePipeline, waitUntil, warnError, withContext, withCredentials, withDockerContainer, withDockerRegistry, withDockerServer, withEnv, wrap, writeFile, ws] or symbols [GenericTrigger, all, allOf, always, any, anyOf, apiToken, architecture, archiveArtifacts, artifactManager, batchFile, booleanParam, branch, buildButton, buildDiscarder, buildingTag, caseInsensitive, caseSensitive, certificate, changeRequest, changelog, changeset, checkoutToSubdirectory, choice, choiceParam, clock, cloud, command, configFile, configFileProvider, credentials, cron, crumb, defaultFolderConfiguration, defaultView, demand, disableConcurrentBuilds, disableResume, docker, dockerCert, dockerfile, downloadSettings, downstream, dumb, durabilityHint, envVars, environment, equals, expression, file, fileParam, filePath, fingerprint, frameOptions, freeStyle, freeStyleJob, fromScm, fromSource, git, gitBranchDiscovery, gitTagDiscovery, globalConfigFiles, greet, headRegexFilter, headWildcardFilter, hyperlink, hyperlinkToModels, installSource, isRestartedRun, jdk, jdkInstaller, jgit, jgitapache, jnlp, jobName, label, lastDuration, lastFailure, lastGrantedAuthorities, lastStable, lastSuccess, legacy, legacySCM, list, local, location, logRotator, loggedInUsersCanDoAnything, mailer, masterBuild, maven, maven3Mojos, mavenErrors, mavenMojos, mavenWarnings, mock, modernSCM, myView, newContainerPerStage, node, nodeProperties, none, not, overrideIndexTriggers, paneStatus, parallelsAlwaysFailFast, parameters, password, pattern, permanent, pipeline-model, pipeline-model-docker, pipelineTriggers, plainText, plugin, pollSCM, preserveStashes, projectNamingStrategy, proxy, queueItemAuthenticator, quietPeriod, rateLimitBuilds, realTimeJUnitReports, run, runParam, schedule, scmRetryCount, scriptApproval, scriptApprovalLink, search, security, shell, skipDefaultCheckout, skipStagesAfterUnstable, slave, sourceRegexFilter, sourceWildcardFilter, sshUserPrivateKey, stackTrace, standard, status, string, stringParam, swapSpace, tag, text, textParam, tmpSpace, toolLocation, triggeredBy, unsecured, upstream, userSeed, usernameColonPassword, usernamePassword, viewsTabBar, weather, zfs, zip] or globals [currentBuild, docker, env, params, pipeline, scm]
	at org.jenkinsci.plugins.workflow.cps.DSL.invokeMethod(DSL.java:202)
	at org.jenkinsci.plugins.workflow.cps.CpsScript.invokeMethod(CpsScript.java:122)
	at sun.reflect.NativeMethodAccessorImpl.invoke0(Native Method)
	at sun.reflect.NativeMethodAccessorImpl.invoke(NativeMethodAccessorImpl.java:62)
	at sun.reflect.DelegatingMethodAccessorImpl.invoke(DelegatingMethodAccessorImpl.java:43)
	at java.lang.reflect.Method.invoke(Method.java:498)
	at org.codehaus.groovy.reflection.CachedMethod.invoke(CachedMethod.java:93)
	at groovy.lang.MetaMethod.doMethodInvoke(MetaMethod.java:325)
	at groovy.lang.MetaClassImpl.invokeMethod(MetaClassImpl.java:1213)
	at groovy.lang.MetaClassImpl.invokeMethod(MetaClassImpl.java:1022)
	at org.codehaus.groovy.runtime.callsite.PogoMetaClassSite.call(PogoMetaClassSite.java:42)
	at org.codehaus.groovy.runtime.callsite.CallSiteArray.defaultCall(CallSiteArray.java:48)
	at org.codehaus.groovy.runtime.callsite.AbstractCallSite.call(AbstractCallSite.java:113)
	at org.kohsuke.groovy.sandbox.impl.Checker$1.call(Checker.java:163)
	at org.kohsuke.groovy.sandbox.GroovyInterceptor.onMethodCall(GroovyInterceptor.java:23)
	at org.jenkinsci.plugins.scriptsecurity.sandbox.groovy.SandboxInterceptor.onMethodCall(SandboxInterceptor.java:157)
	at org.kohsuke.groovy.sandbox.impl.Checker$1.call(Checker.java:161)
	at org.kohsuke.groovy.sandbox.impl.Checker.checkedCall(Checker.java:165)
	at org.kohsuke.groovy.sandbox.impl.Checker.checkedCall(Checker.java:135)
	at com.cloudbees.groovy.cps.sandbox.SandboxInvoker.methodCall(SandboxInvoker.java:17)
	at WorkflowScript.run(WorkflowScript:35)
	at org.jenkinsci.plugins.pipeline.modeldefinition.ModelInterpreter.delegateAndExecute(ModelInterpreter.groovy:137)
	at org.jenkinsci.plugins.pipeline.modeldefinition.ModelInterpreter.executeSingleStage(ModelInterpreter.groovy:661)
	at org.jenkinsci.plugins.pipeline.modeldefinition.ModelInterpreter.catchRequiredContextForNode(ModelInterpreter.groovy:395)
	at org.jenkinsci.plugins.pipeline.modeldefinition.ModelInterpreter.catchRequiredContextForNode(ModelInterpreter.groovy:393)
	at org.jenkinsci.plugins.pipeline.modeldefinition.ModelInterpreter.executeSingleStage(ModelInterpreter.groovy:660)
	at org.jenkinsci.plugins.pipeline.modeldefinition.ModelInterpreter.evaluateStage(ModelInterpreter.groovy:288)
	at org.jenkinsci.plugins.pipeline.modeldefinition.ModelInterpreter.toolsBlock(ModelInterpreter.groovy:544)
	at org.jenkinsci.plugins.pipeline.modeldefinition.ModelInterpreter.toolsBlock(ModelInterpreter.groovy:543)
	at org.jenkinsci.plugins.pipeline.modeldefinition.ModelInterpreter.evaluateStage(ModelInterpreter.groovy:276)
	at org.jenkinsci.plugins.pipeline.modeldefinition.ModelInterpreter.withEnvBlock(ModelInterpreter.groovy:443)
	at org.jenkinsci.plugins.pipeline.modeldefinition.ModelInterpreter.withEnvBlock(ModelInterpreter.groovy:442)
	at org.jenkinsci.plugins.pipeline.modeldefinition.ModelInterpreter.evaluateStage(ModelInterpreter.groovy:275)
	at org.jenkinsci.plugins.pipeline.modeldefinition.ModelInterpreter.withCredentialsBlock(ModelInterpreter.groovy:481)
	at org.jenkinsci.plugins.pipeline.modeldefinition.ModelInterpreter.withCredentialsBlock(ModelInterpreter.groovy:480)
	at org.jenkinsci.plugins.pipeline.modeldefinition.ModelInterpreter.evaluateStage(ModelInterpreter.groovy:274)
	at org.jenkinsci.plugins.pipeline.modeldefinition.ModelInterpreter.inDeclarativeAgent(ModelInterpreter.groovy:586)
	at org.jenkinsci.plugins.pipeline.modeldefinition.ModelInterpreter.inDeclarativeAgent(ModelInterpreter.groovy:585)
	at org.jenkinsci.plugins.pipeline.modeldefinition.ModelInterpreter.evaluateStage(ModelInterpreter.groovy:272)
	at org.jenkinsci.plugins.pipeline.modeldefinition.ModelInterpreter.stageInput(ModelInterpreter.groovy:356)
	at org.jenkinsci.plugins.pipeline.modeldefinition.ModelInterpreter.stageInput(ModelInterpreter.groovy:355)
	at org.jenkinsci.plugins.pipeline.modeldefinition.ModelInterpreter.evaluateStage(ModelInterpreter.groovy:261)
	at org.jenkinsci.plugins.pipeline.modeldefinition.ModelInterpreter.inWrappers(ModelInterpreter.groovy:613)
	at org.jenkinsci.plugins.pipeline.modeldefinition.ModelInterpreter.inWrappers(ModelInterpreter.groovy:612)
	at org.jenkinsci.plugins.pipeline.modeldefinition.ModelInterpreter.evaluateStage(ModelInterpreter.groovy:259)
	at org.jenkinsci.plugins.pipeline.modeldefinition.ModelInterpreter.withEnvBlock(ModelInterpreter.groovy:443)
	at org.jenkinsci.plugins.pipeline.modeldefinition.ModelInterpreter.withEnvBlock(ModelInterpreter.groovy:442)
	at org.jenkinsci.plugins.pipeline.modeldefinition.ModelInterpreter.evaluateStage(ModelInterpreter.groovy:254)
	at ___cps.transform___(Native Method)
	at com.cloudbees.groovy.cps.impl.ContinuationGroup.methodCall(ContinuationGroup.java:86)
	at com.cloudbees.groovy.cps.impl.FunctionCallBlock$ContinuationImpl.dispatchOrArg(FunctionCallBlock.java:113)
	at com.cloudbees.groovy.cps.impl.FunctionCallBlock$ContinuationImpl.fixArg(FunctionCallBlock.java:83)
	at sun.reflect.GeneratedMethodAccessor165.invoke(Unknown Source)
	at sun.reflect.DelegatingMethodAccessorImpl.invoke(DelegatingMethodAccessorImpl.java:43)
	at java.lang.reflect.Method.invoke(Method.java:498)
	at com.cloudbees.groovy.cps.impl.ContinuationPtr$ContinuationImpl.receive(ContinuationPtr.java:72)
	at com.cloudbees.groovy.cps.impl.ConstantBlock.eval(ConstantBlock.java:21)
	at com.cloudbees.groovy.cps.Next.step(Next.java:83)
	at com.cloudbees.groovy.cps.Continuable$1.call(Continuable.java:174)
	at com.cloudbees.groovy.cps.Continuable$1.call(Continuable.java:163)
	at org.codehaus.groovy.runtime.GroovyCategorySupport$ThreadCategoryInfo.use(GroovyCategorySupport.java:129)
	at org.codehaus.groovy.runtime.GroovyCategorySupport.use(GroovyCategorySupport.java:268)
	at com.cloudbees.groovy.cps.Continuable.run0(Continuable.java:163)
	at org.jenkinsci.plugins.workflow.cps.SandboxContinuable.access$001(SandboxContinuable.java:18)
	at org.jenkinsci.plugins.workflow.cps.SandboxContinuable.run0(SandboxContinuable.java:51)
	at org.jenkinsci.plugins.workflow.cps.CpsThread.runNextChunk(CpsThread.java:185)
	at org.jenkinsci.plugins.workflow.cps.CpsThreadGroup.run(CpsThreadGroup.java:400)
	at org.jenkinsci.plugins.workflow.cps.CpsThreadGroup.access$400(CpsThreadGroup.java:96)
	at org.jenkinsci.plugins.workflow.cps.CpsThreadGroup$2.call(CpsThreadGroup.java:312)
	at org.jenkinsci.plugins.workflow.cps.CpsThreadGroup$2.call(CpsThreadGroup.java:276)
	at org.jenkinsci.plugins.workflow.cps.CpsVmExecutorService$2.call(CpsVmExecutorService.java:67)
	at java.util.concurrent.FutureTask.run(FutureTask.java:266)
	at hudson.remoting.SingleLaneExecutorService$1.run(SingleLaneExecutorService.java:131)
	at jenkins.util.ContextResettingExecutorService$1.run(ContextResettingExecutorService.java:28)
	at jenkins.security.ImpersonatingExecutorService$1.run(ImpersonatingExecutorService.java:59)
	at java.util.concurrent.Executors$RunnableAdapter.call(Executors.java:511)
	at java.util.concurrent.FutureTask.run(FutureTask.java:266)
	at java.util.concurrent.ThreadPoolExecutor.runWorker(ThreadPoolExecutor.java:1149)
	at java.util.concurrent.ThreadPoolExecutor$Worker.run(ThreadPoolExecutor.java:624)
	at java.lang.Thread.run(Thread.java:748)
Finished: FAILURE
